<?xml version="1.0" encoding="UTF-8"?>
<testsuite name="team44.com.app.AppApplicationTests" tests="1" skipped="0" failures="0" errors="0" timestamp="2023-11-12T10:42:47" hostname="kit" time="0.369">
  <properties/>
  <testcase name="contextLoads()" classname="team44.com.app.AppApplicationTests" time="0.369"/>
  <system-out><![CDATA[13:42:45.255 [Test worker] INFO org.springframework.test.context.support.AnnotationConfigContextLoaderUtils -- Could not detect default configuration classes for test class [team44.com.app.AppApplicationTests]: AppApplicationTests does not declare any static, non-private, non-final, nested classes annotated with @Configuration.
13:42:45.322 [Test worker] INFO org.springframework.boot.test.context.SpringBootTestContextBootstrapper -- Found @SpringBootConfiguration team44.com.app.AppApplication for test class team44.com.app.AppApplicationTests

  .   ____          _            __ _ _
 /\\ / ___'_ __ _ _(_)_ __  __ _ \ \ \ \
( ( )\___ | '_ | '_| | '_ \/ _` | \ \ \ \
 \\/  ___)| |_)| | | | | || (_| |  ) ) ) )
  '  |____| .__|_| |_|_| |_\__, | / / / /
 =========|_|==============|___/=/_/_/_/
 :: Spring Boot ::                (v3.1.5)

2023-11-12T13:42:45.598+03:00  INFO 20181 --- [    Test worker] team44.com.app.AppApplicationTests       : Starting AppApplicationTests using Java 20.0.1 with PID 20181 (started by kitdim in /home/kitdim/Desktop/prog/test/app)
2023-11-12T13:42:45.599+03:00  INFO 20181 --- [    Test worker] team44.com.app.AppApplicationTests       : No active profile set, falling back to 1 default profile: "default"
2023-11-12T13:42:45.988+03:00  INFO 20181 --- [    Test worker] .s.d.r.c.RepositoryConfigurationDelegate : Bootstrapping Spring Data JPA repositories in DEFAULT mode.
2023-11-12T13:42:46.022+03:00  INFO 20181 --- [    Test worker] .s.d.r.c.RepositoryConfigurationDelegate : Finished Spring Data repository scanning in 29 ms. Found 1 JPA repository interfaces.
2023-11-12T13:42:46.269+03:00  INFO 20181 --- [    Test worker] com.zaxxer.hikari.HikariDataSource       : HikariPool-1 - Starting...
2023-11-12T13:42:46.382+03:00  INFO 20181 --- [    Test worker] com.zaxxer.hikari.pool.HikariPool        : HikariPool-1 - Added connection conn0: url=jdbc:h2:mem:mydb user=SA
2023-11-12T13:42:46.383+03:00  INFO 20181 --- [    Test worker] com.zaxxer.hikari.HikariDataSource       : HikariPool-1 - Start completed.
2023-11-12T13:42:46.418+03:00  INFO 20181 --- [    Test worker] o.hibernate.jpa.internal.util.LogHelper  : HHH000204: Processing PersistenceUnitInfo [name: default]
2023-11-12T13:42:46.446+03:00  INFO 20181 --- [    Test worker] org.hibernate.Version                    : HHH000412: Hibernate ORM core version 6.2.13.Final
2023-11-12T13:42:46.448+03:00  INFO 20181 --- [    Test worker] org.hibernate.cfg.Environment            : HHH000406: Using bytecode reflection optimizer
2023-11-12T13:42:46.615+03:00  INFO 20181 --- [    Test worker] o.s.o.j.p.SpringPersistenceUnitInfo      : No LoadTimeWeaver setup: ignoring JPA class transformer
2023-11-12T13:42:47.141+03:00  INFO 20181 --- [    Test worker] o.h.e.t.j.p.i.JtaPlatformInitiator       : HHH000489: No JTA platform available (set 'hibernate.transaction.jta.platform' to enable JTA platform integration)
2023-11-12T13:42:47.160+03:00  INFO 20181 --- [    Test worker] j.LocalContainerEntityManagerFactoryBean : Initialized JPA EntityManagerFactory for persistence unit 'default'
2023-11-12T13:42:47.413+03:00  WARN 20181 --- [    Test worker] JpaBaseConfiguration$JpaWebConfiguration : spring.jpa.open-in-view is enabled by default. Therefore, database queries may be performed during view rendering. Explicitly configure spring.jpa.open-in-view to disable this warning
2023-11-12T13:42:47.527+03:00  INFO 20181 --- [    Test worker] o.s.b.a.w.s.WelcomePageHandlerMapping    : Adding welcome page template: index
2023-11-12T13:42:47.658+03:00  INFO 20181 --- [    Test worker] team44.com.app.AppApplicationTests       : Started AppApplicationTests in 2.232 seconds (process running for 2.992)
]]></system-out>
  <system-err><![CDATA[]]></system-err>
</testsuite>
