<?xml version="1.0" encoding="UTF-8"?>
<testsuite name="team44.com.app.AppApplicationTests" tests="1" skipped="0" failures="0" errors="0" timestamp="2023-11-12T11:32:14" hostname="kit" time="0.424">
  <properties/>
  <testcase name="contextLoads()" classname="team44.com.app.AppApplicationTests" time="0.424"/>
  <system-out><![CDATA[14:32:11.497 [Test worker] INFO org.springframework.test.context.support.AnnotationConfigContextLoaderUtils -- Could not detect default configuration classes for test class [team44.com.app.AppApplicationTests]: AppApplicationTests does not declare any static, non-private, non-final, nested classes annotated with @Configuration.
14:32:11.560 [Test worker] INFO org.springframework.boot.test.context.SpringBootTestContextBootstrapper -- Found @SpringBootConfiguration team44.com.app.AppApplication for test class team44.com.app.AppApplicationTests

  .   ____          _            __ _ _
 /\\ / ___'_ __ _ _(_)_ __  __ _ \ \ \ \
( ( )\___ | '_ | '_| | '_ \/ _` | \ \ \ \
 \\/  ___)| |_)| | | | | || (_| |  ) ) ) )
  '  |____| .__|_| |_|_| |_\__, | / / / /
 =========|_|==============|___/=/_/_/_/
 :: Spring Boot ::                (v3.1.5)

2023-11-12T14:32:11.837+03:00  INFO 23548 --- [    Test worker] team44.com.app.AppApplicationTests       : Starting AppApplicationTests using Java 20.0.1 with PID 23548 (started by kitdim in /home/kitdim/Desktop/prog/test)
2023-11-12T14:32:11.838+03:00  INFO 23548 --- [    Test worker] team44.com.app.AppApplicationTests       : No active profile set, falling back to 1 default profile: "default"
2023-11-12T14:32:12.257+03:00  INFO 23548 --- [    Test worker] .s.d.r.c.RepositoryConfigurationDelegate : Bootstrapping Spring Data JPA repositories in DEFAULT mode.
2023-11-12T14:32:12.291+03:00  INFO 23548 --- [    Test worker] .s.d.r.c.RepositoryConfigurationDelegate : Finished Spring Data repository scanning in 29 ms. Found 1 JPA repository interfaces.
2023-11-12T14:32:12.584+03:00  INFO 23548 --- [    Test worker] com.zaxxer.hikari.HikariDataSource       : HikariPool-1 - Starting...
2023-11-12T14:32:12.715+03:00  INFO 23548 --- [    Test worker] com.zaxxer.hikari.pool.HikariPool        : HikariPool-1 - Added connection conn0: url=jdbc:h2:mem:mydb user=SA
2023-11-12T14:32:12.716+03:00  INFO 23548 --- [    Test worker] com.zaxxer.hikari.HikariDataSource       : HikariPool-1 - Start completed.
2023-11-12T14:32:12.756+03:00  INFO 23548 --- [    Test worker] o.hibernate.jpa.internal.util.LogHelper  : HHH000204: Processing PersistenceUnitInfo [name: default]
2023-11-12T14:32:12.785+03:00  INFO 23548 --- [    Test worker] org.hibernate.Version                    : HHH000412: Hibernate ORM core version 6.2.13.Final
2023-11-12T14:32:12.788+03:00  INFO 23548 --- [    Test worker] org.hibernate.cfg.Environment            : HHH000406: Using bytecode reflection optimizer
2023-11-12T14:32:12.948+03:00  INFO 23548 --- [    Test worker] o.s.o.j.p.SpringPersistenceUnitInfo      : No LoadTimeWeaver setup: ignoring JPA class transformer
2023-11-12T14:32:13.481+03:00  INFO 23548 --- [    Test worker] o.h.e.t.j.p.i.JtaPlatformInitiator       : HHH000489: No JTA platform available (set 'hibernate.transaction.jta.platform' to enable JTA platform integration)
2023-11-12T14:32:13.505+03:00  INFO 23548 --- [    Test worker] j.LocalContainerEntityManagerFactoryBean : Initialized JPA EntityManagerFactory for persistence unit 'default'
2023-11-12T14:32:13.747+03:00  WARN 23548 --- [    Test worker] JpaBaseConfiguration$JpaWebConfiguration : spring.jpa.open-in-view is enabled by default. Therefore, database queries may be performed during view rendering. Explicitly configure spring.jpa.open-in-view to disable this warning
2023-11-12T14:32:13.859+03:00  INFO 23548 --- [    Test worker] o.s.b.a.w.s.WelcomePageHandlerMapping    : Adding welcome page template: index
2023-11-12T14:32:13.995+03:00  INFO 23548 --- [    Test worker] team44.com.app.AppApplicationTests       : Started AppApplicationTests in 2.337 seconds (process running for 3.112)
]]></system-out>
  <system-err><![CDATA[]]></system-err>
</testsuite>
